<?xml version="1.0" encoding="UTF-8"?>
<!-- Generated by org.testng.reporters.JUnitXMLReporter -->
<testsuite ignored="0" hostname="DESKTOP-VFFFHUG" failures="0" tests="6" name="Default test" time="2.46" errors="0" timestamp="2020-08-15T22:27:37 CDT">
  <testcase classname="com.bestbuy.testcases.products.T002_Get_Product_Single" name="check_content_type" time="0.01"/>
  <testcase classname="com.bestbuy.testcases.products.T002_Get_Product_Single" name="check_response_body" time="0.036"/>
  <testcase classname="com.bestbuy.testcases.products.T002_Get_Product_Single" name="check_response_content" time="0.62"/>
  <testcase classname="com.bestbuy.testcases.products.T002_Get_Product_Single" name="check_response_id" time="0.026"/>
  <testcase classname="com.bestbuy.testcases.products.T002_Get_Product_Single" name="check_response_time" time="0.005"/>
  <testcase classname="com.bestbuy.testcases.products.T002_Get_Product_Single" name="check_status_code" time="0.002"/>
</testsuite> <!-- Default test -->
