<?xml version="1.0" encoding="UTF-8"?>
<!-- Generated by org.testng.reporters.JUnitXMLReporter -->
<testsuite ignored="0" hostname="DESKTOP-VFFFHUG" failures="0" tests="14" name="EmployeeAPITest" time="2.828" errors="0" timestamp="2020-08-16T00:45:58 CDT">
  <testcase classname="com.bestbuy.testcases.products.T001_Get_Product_All" name="check_content_type" time="0.007"/>
  <testcase classname="com.bestbuy.testcases.products.T001_Get_Product_All" name="check_response_body" time="0.621"/>
  <testcase classname="com.bestbuy.testcases.products.T001_Get_Product_All" name="check_response_time" time="0.004"/>
  <testcase classname="com.bestbuy.testcases.products.T001_Get_Product_All" name="check_status_code" time="0.002"/>
  <testcase classname="com.bestbuy.testcases.products.T002_Get_Product_Single" name="check_content_type" time="0.002"/>
  <testcase classname="com.bestbuy.testcases.products.T002_Get_Product_Single" name="check_response_body" time="0.002"/>
  <testcase classname="com.bestbuy.testcases.products.T002_Get_Product_Single" name="check_response_content" time="0.022"/>
  <testcase classname="com.bestbuy.testcases.products.T002_Get_Product_Single" name="check_response_id" time="0.014"/>
  <testcase classname="com.bestbuy.testcases.products.T002_Get_Product_Single" name="check_response_time" time="0.001"/>
  <testcase classname="com.bestbuy.testcases.products.T002_Get_Product_Single" name="check_status_code" time="0.003"/>
  <testcase classname="com.bestbuy.testcases.products.T003_Post_Product" name="check_content_type" time="0.001"/>
  <testcase classname="com.bestbuy.testcases.products.T003_Post_Product" name="check_response_body" time="0.002"/>
  <testcase classname="com.bestbuy.testcases.products.T003_Post_Product" name="check_response_time" time="0.001"/>
  <testcase classname="com.bestbuy.testcases.products.T003_Post_Product" name="check_status_code" time="0.001"/>
</testsuite> <!-- EmployeeAPITest -->
