<?xml version="1.0" encoding="UTF-8"?>
<testsuite xmlns:xsi="http://www.w3.org/2001/XMLSchema-instance" xsi:noNamespaceSchemaLocation="https://maven.apache.org/surefire/maven-surefire-plugin/xsd/surefire-test-report.xsd" name="TestSuite" time="2.836" tests="14" errors="0" skipped="0" failures="0">
  <properties>
[...]
</properties>
  <testcase name="check_content_type" classname="com.bestbuy.testcases.products.T001_Get_Product_All" time="0.005"/>
  <testcase name="check_response_body" classname="com.bestbuy.testcases.products.T001_Get_Product_All" time="0.484"/>
  <testcase name="check_response_time" classname="com.bestbuy.testcases.products.T001_Get_Product_All" time="0.001"/>
  <testcase name="check_status_code" classname="com.bestbuy.testcases.products.T001_Get_Product_All" time="0.001"/>
  <testcase name="check_content_type" classname="com.bestbuy.testcases.products.T002_Get_Product_Single" time="0.001"/>
  <testcase name="check_response_body" classname="com.bestbuy.testcases.products.T002_Get_Product_Single" time="0.011"/>
  <testcase name="check_response_content" classname="com.bestbuy.testcases.products.T002_Get_Product_Single" time="0.007"/>
  <testcase name="check_response_id" classname="com.bestbuy.testcases.products.T002_Get_Product_Single" time="0.013"/>
  <testcase name="check_response_time" classname="com.bestbuy.testcases.products.T002_Get_Product_Single" time="0.001"/>
  <testcase name="check_status_code" classname="com.bestbuy.testcases.products.T002_Get_Product_Single" time="0"/>
  <testcase name="check_content_type" classname="com.bestbuy.testcases.products.T003_Post_Product" time="0.001"/>
  <testcase name="check_response_body" classname="com.bestbuy.testcases.products.T003_Post_Product" time="0.001"/>
  <testcase name="check_response_time" classname="com.bestbuy.testcases.products.T003_Post_Product" time="0.001"/>
  <testcase name="check_status_code" classname="com.bestbuy.testcases.products.T003_Post_Product" time="0"/>
</testsuite>