<?xml version="1.0" encoding="UTF-8"?>
<testng-results ignored="0" total="14" passed="14" failed="0" skipped="0">
  <reporter-output>
  </reporter-output>
  <suite started-at="2020-08-16T00:45:55 CDT" name="RegressionTestRestAssured" finished-at="2020-08-16T00:45:58 CDT" duration-ms="2828">
    <groups>
    </groups>
    <test started-at="2020-08-16T00:45:55 CDT" name="EmployeeAPITest" finished-at="2020-08-16T00:45:58 CDT" duration-ms="2828">
      <class name="com.bestbuy.testcases.products.T003_Post_Product">
        <test-method is-config="true" signature="setUp()[pri:0, instance:com.bestbuy.testcases.products.T003_Post_Product@6bf0219d]" started-at="2020-08-16T00:45:58 CDT" name="setUp" finished-at="2020-08-16T00:45:58 CDT" duration-ms="3" status="PASS">
          <reporter-output>
          </reporter-output>
        </test-method> <!-- setUp -->
        <test-method is-config="true" signature="T003_Post_Product_setUp()[pri:0, instance:com.bestbuy.testcases.products.T003_Post_Product@6bf0219d]" started-at="2020-08-16T00:45:58 CDT" name="T003_Post_Product_setUp" finished-at="2020-08-16T00:45:58 CDT" duration-ms="66" status="PASS">
          <reporter-output>
          </reporter-output>
        </test-method> <!-- T003_Post_Product_setUp -->
        <test-method signature="check_content_type()[pri:0, instance:com.bestbuy.testcases.products.T003_Post_Product@6bf0219d]" started-at="2020-08-16T00:45:58 CDT" name="check_content_type" finished-at="2020-08-16T00:45:58 CDT" duration-ms="1" status="PASS">
          <reporter-output>
          </reporter-output>
        </test-method> <!-- check_content_type -->
        <test-method signature="check_response_body()[pri:0, instance:com.bestbuy.testcases.products.T003_Post_Product@6bf0219d]" started-at="2020-08-16T00:45:58 CDT" name="check_response_body" finished-at="2020-08-16T00:45:58 CDT" duration-ms="2" status="PASS">
          <reporter-output>
          </reporter-output>
        </test-method> <!-- check_response_body -->
        <test-method signature="check_response_time()[pri:0, instance:com.bestbuy.testcases.products.T003_Post_Product@6bf0219d]" started-at="2020-08-16T00:45:58 CDT" name="check_response_time" finished-at="2020-08-16T00:45:58 CDT" duration-ms="1" status="PASS">
          <reporter-output>
          </reporter-output>
        </test-method> <!-- check_response_time -->
        <test-method signature="check_status_code()[pri:0, instance:com.bestbuy.testcases.products.T003_Post_Product@6bf0219d]" started-at="2020-08-16T00:45:58 CDT" name="check_status_code" finished-at="2020-08-16T00:45:58 CDT" duration-ms="1" status="PASS">
          <reporter-output>
          </reporter-output>
        </test-method> <!-- check_status_code -->
        <test-method is-config="true" signature="tearDown()[pri:0, instance:com.bestbuy.testcases.products.T003_Post_Product@6bf0219d]" started-at="2020-08-16T00:45:58 CDT" name="tearDown" finished-at="2020-08-16T00:45:58 CDT" duration-ms="0" status="PASS">
          <reporter-output>
          </reporter-output>
        </test-method> <!-- tearDown -->
      </class> <!-- com.bestbuy.testcases.products.T003_Post_Product -->
      <class name="com.bestbuy.testcases.products.T001_Get_Product_All">
        <test-method is-config="true" signature="setUp()[pri:0, instance:com.bestbuy.testcases.products.T001_Get_Product_All@236e3f4e]" started-at="2020-08-16T00:45:55 CDT" name="setUp" finished-at="2020-08-16T00:45:56 CDT" duration-ms="36" status="PASS">
          <reporter-output>
          </reporter-output>
        </test-method> <!-- setUp -->
        <test-method is-config="true" signature="T001_Get_Product_All_SetUp()[pri:0, instance:com.bestbuy.testcases.products.T001_Get_Product_All@236e3f4e]" started-at="2020-08-16T00:45:56 CDT" name="T001_Get_Product_All_SetUp" finished-at="2020-08-16T00:45:57 CDT" duration-ms="1702" status="PASS">
          <reporter-output>
          </reporter-output>
        </test-method> <!-- T001_Get_Product_All_SetUp -->
        <test-method signature="check_content_type()[pri:0, instance:com.bestbuy.testcases.products.T001_Get_Product_All@236e3f4e]" started-at="2020-08-16T00:45:57 CDT" name="check_content_type" finished-at="2020-08-16T00:45:57 CDT" duration-ms="7" status="PASS">
          <reporter-output>
          </reporter-output>
        </test-method> <!-- check_content_type -->
        <test-method signature="check_response_body()[pri:0, instance:com.bestbuy.testcases.products.T001_Get_Product_All@236e3f4e]" started-at="2020-08-16T00:45:57 CDT" name="check_response_body" finished-at="2020-08-16T00:45:58 CDT" duration-ms="621" status="PASS">
          <reporter-output>
          </reporter-output>
        </test-method> <!-- check_response_body -->
        <test-method signature="check_response_time()[pri:0, instance:com.bestbuy.testcases.products.T001_Get_Product_All@236e3f4e]" started-at="2020-08-16T00:45:58 CDT" name="check_response_time" finished-at="2020-08-16T00:45:58 CDT" duration-ms="4" status="PASS">
          <reporter-output>
          </reporter-output>
        </test-method> <!-- check_response_time -->
        <test-method signature="check_status_code()[pri:0, instance:com.bestbuy.testcases.products.T001_Get_Product_All@236e3f4e]" started-at="2020-08-16T00:45:58 CDT" name="check_status_code" finished-at="2020-08-16T00:45:58 CDT" duration-ms="2" status="PASS">
          <reporter-output>
          </reporter-output>
        </test-method> <!-- check_status_code -->
        <test-method is-config="true" signature="tearDown()[pri:0, instance:com.bestbuy.testcases.products.T001_Get_Product_All@236e3f4e]" started-at="2020-08-16T00:45:58 CDT" name="tearDown" finished-at="2020-08-16T00:45:58 CDT" duration-ms="0" status="PASS">
          <reporter-output>
          </reporter-output>
        </test-method> <!-- tearDown -->
      </class> <!-- com.bestbuy.testcases.products.T001_Get_Product_All -->
      <class name="com.bestbuy.testcases.products.T002_Get_Product_Single">
        <test-method is-config="true" signature="setUp()[pri:0, instance:com.bestbuy.testcases.products.T002_Get_Product_Single@3cc1435c]" started-at="2020-08-16T00:45:58 CDT" name="setUp" finished-at="2020-08-16T00:45:58 CDT" duration-ms="2" status="PASS">
          <reporter-output>
          </reporter-output>
        </test-method> <!-- setUp -->
        <test-method is-config="true" signature="T001_Get_Product_All_SetUp()[pri:0, instance:com.bestbuy.testcases.products.T002_Get_Product_Single@3cc1435c]" started-at="2020-08-16T00:45:58 CDT" name="T001_Get_Product_All_SetUp" finished-at="2020-08-16T00:45:58 CDT" duration-ms="26" status="PASS">
          <reporter-output>
          </reporter-output>
        </test-method> <!-- T001_Get_Product_All_SetUp -->
        <test-method signature="check_content_type()[pri:0, instance:com.bestbuy.testcases.products.T002_Get_Product_Single@3cc1435c]" started-at="2020-08-16T00:45:58 CDT" name="check_content_type" finished-at="2020-08-16T00:45:58 CDT" duration-ms="2" status="PASS">
          <reporter-output>
          </reporter-output>
        </test-method> <!-- check_content_type -->
        <test-method signature="check_response_body()[pri:0, instance:com.bestbuy.testcases.products.T002_Get_Product_Single@3cc1435c]" started-at="2020-08-16T00:45:58 CDT" name="check_response_body" finished-at="2020-08-16T00:45:58 CDT" duration-ms="2" status="PASS">
          <reporter-output>
          </reporter-output>
        </test-method> <!-- check_response_body -->
        <test-method signature="check_response_content()[pri:0, instance:com.bestbuy.testcases.products.T002_Get_Product_Single@3cc1435c]" started-at="2020-08-16T00:45:58 CDT" name="check_response_content" finished-at="2020-08-16T00:45:58 CDT" duration-ms="22" status="PASS">
          <reporter-output>
          </reporter-output>
        </test-method> <!-- check_response_content -->
        <test-method signature="check_response_id()[pri:0, instance:com.bestbuy.testcases.products.T002_Get_Product_Single@3cc1435c]" started-at="2020-08-16T00:45:58 CDT" name="check_response_id" finished-at="2020-08-16T00:45:58 CDT" duration-ms="14" status="PASS">
          <reporter-output>
          </reporter-output>
        </test-method> <!-- check_response_id -->
        <test-method signature="check_response_time()[pri:0, instance:com.bestbuy.testcases.products.T002_Get_Product_Single@3cc1435c]" started-at="2020-08-16T00:45:58 CDT" name="check_response_time" finished-at="2020-08-16T00:45:58 CDT" duration-ms="1" status="PASS">
          <reporter-output>
          </reporter-output>
        </test-method> <!-- check_response_time -->
        <test-method signature="check_status_code()[pri:0, instance:com.bestbuy.testcases.products.T002_Get_Product_Single@3cc1435c]" started-at="2020-08-16T00:45:58 CDT" name="check_status_code" finished-at="2020-08-16T00:45:58 CDT" duration-ms="3" status="PASS">
          <reporter-output>
          </reporter-output>
        </test-method> <!-- check_status_code -->
        <test-method is-config="true" signature="tearDown()[pri:0, instance:com.bestbuy.testcases.products.T002_Get_Product_Single@3cc1435c]" started-at="2020-08-16T00:45:58 CDT" name="tearDown" finished-at="2020-08-16T00:45:58 CDT" duration-ms="0" status="PASS">
          <reporter-output>
          </reporter-output>
        </test-method> <!-- tearDown -->
      </class> <!-- com.bestbuy.testcases.products.T002_Get_Product_Single -->
    </test> <!-- EmployeeAPITest -->
  </suite> <!-- RegressionTestRestAssured -->
</testng-results>
